<?xml version="1.0" encoding="UTF-8"?>
<testsuite xmlns:xsi="http://www.w3.org/2001/XMLSchema-instance" xsi:noNamespaceSchemaLocation="https://maven.apache.org/surefire/maven-surefire-plugin/xsd/surefire-test-report-3.0.xsd" version="3.0" name="zest.IntervalMergerTest" time="0.079" tests="10" errors="0" skipped="0" failures="0">
  <properties>
[...]
</properties>
  <testcase name="testNegativeOverlap" classname="zest.IntervalMergerTest" time="0.0"/>
  <testcase name="testEmpty" classname="zest.IntervalMergerTest" time="0.0"/>
  <testcase name="testWhole" classname="zest.IntervalMergerTest" time="0.0"/>
  <testcase name="testNo" classname="zest.IntervalMergerTest" time="0.0"/>
  <testcase name="testConsumes" classname="zest.IntervalMergerTest" time="0.0"/>
  <testcase name="testReverseOrder" classname="zest.IntervalMergerTest" time="0.0"/>
  <testcase name="testEdging" classname="zest.IntervalMergerTest" time="0.0"/>
  <testcase name="testMultiple" classname="zest.IntervalMergerTest" time="0.0"/>
  <testcase name="testNegative" classname="zest.IntervalMergerTest" time="0.0"/>
  <testcase name="testSingle" classname="zest.IntervalMergerTest" time="0.0"/>
</testsuite>