<?xml version="1.0" encoding="UTF-8"?>
<testsuite xmlns:xsi="http://www.w3.org/2001/XMLSchema-instance" xsi:noNamespaceSchemaLocation="https://maven.apache.org/surefire/maven-surefire-plugin/xsd/surefire-test-report-3.0.xsd" version="3.0" name="zest.ArrayElementSwapperTest" time="0.062" tests="7" errors="0" skipped="0" failures="0">
  <properties>
[...]
</properties>
  <testcase name="testAllSwap" classname="zest.ArrayElementSwapperTest" time="0.0"/>
  <testcase name="testEmpty" classname="zest.ArrayElementSwapperTest" time="0.0"/>
  <testcase name="testZeros" classname="zest.ArrayElementSwapperTest" time="0.0"/>
  <testcase name="testAllPositive" classname="zest.ArrayElementSwapperTest" time="0.0"/>
  <testcase name="testAllNegative" classname="zest.ArrayElementSwapperTest" time="0.0"/>
  <testcase name="testAlreadyCorrect" classname="zest.ArrayElementSwapperTest" time="0.0"/>
  <testcase name="testNegativeZeros" classname="zest.ArrayElementSwapperTest" time="0.0"/>
</testsuite>